<?xml version="1.0" encoding="UTF-8"?>
<!-- Generated by org.testng.reporters.JUnitReportReporter -->
<testsuite hostname="DESKTOP-AFRBPE0" failures="0" tests="1" name="com.jbpm.tests.LoginTest" time="98.614" errors="0" timestamp="2024-09-28T12:54:00 IST" skipped="0">
  <testcase classname="com.jbpm.tests.LoginTest" name="testLogin" time="98.614"/>
  <system-out/>
</testsuite> <!-- com.jbpm.tests.LoginTest -->
